model-1640209981,1640209981.924,0.96,0.0418,0.77,0.1946
model-1640209981,1640209981.942,0.84,0.1275,0.72,0.2094
model-1640209981,1640209981.961,0.94,0.047,0.79,0.1604
model-1640209981,1640209981.979,0.92,0.064,0.77,0.1974
model-1640209981,1640209981.995,0.93,0.0678,0.79,0.1936
model-1640209981,1640209982.012,0.93,0.0719,0.69,0.2282
model-1640209981,1640209982.028,0.91,0.0681,0.66,0.2368
model-1640209981,1640209982.044,0.94,0.0454,0.74,0.1867
model-1640209981,1640209982.058,0.94,0.0536,0.77,0.1828
model-1640209981,1640209982.073,0.95,0.0554,0.74,0.1869
model-1640209981,1640209982.088,0.92,0.0687,0.69,0.2363
model-1640209981,1640209982.104,0.95,0.0518,0.81,0.1311
model-1640209981,1640209982.119,0.89,0.0805,0.74,0.176
model-1640209981,1640209982.135,0.93,0.0742,0.76,0.1722
model-1640209981,1640209982.149,0.85,0.1138,0.81,0.1537
model-1640209981,1640209982.162,0.94,0.0452,0.8,0.1535
model-1640209981,1640209982.175,0.94,0.0489,0.71,0.2358
model-1640209981,1640209982.188,0.97,0.0334,0.81,0.1322
model-1640209981,1640209982.2,0.96,0.0416,0.8,0.1596
model-1640209981,1640209982.214,0.88,0.0893,0.73,0.1922
model-1640209981,1640209982.226,0.91,0.0777,0.82,0.1403
model-1640209981,1640209982.241,0.97,0.0313,0.77,0.1846
model-1640209981,1640209982.254,0.94,0.0546,0.7,0.2101
model-1640209981,1640209982.268,0.94,0.0453,0.73,0.2101
model-1640209981,1640209982.28,0.95,0.0661,0.78,0.1752
model-1640209981,1640209982.293,0.87,0.07,0.74,0.168
model-1640209981,1640209982.307,0.89,0.0625,0.85,0.1468
model-1640209981,1640209982.32,0.89,0.0702,0.71,0.2158
model-1640209981,1640209982.332,0.94,0.0449,0.73,0.1964
model-1640209981,1640209982.346,0.9,0.0779,0.75,0.1889
model-1640209981,1640209982.36,0.91,0.0696,0.72,0.211
model-1640209981,1640209982.373,0.92,0.0692,0.71,0.2187
model-1640209981,1640209982.386,0.91,0.072,0.71,0.236
model-1640209981,1640209982.399,0.91,0.0798,0.71,0.2081
model-1640209981,1640209982.413,0.82,0.1367,0.72,0.2232
model-1640209981,1640209982.426,0.92,0.0762,0.76,0.2151
model-1640209981,1640209982.441,0.89,0.0857,0.65,0.2387
model-1640209981,1640209982.454,0.94,0.0512,0.74,0.2015
model-1640209981,1640209982.468,0.95,0.0507,0.73,0.2012
model-1640209981,1640209982.481,0.89,0.0874,0.79,0.1569
model-1640209981,1640209982.494,0.92,0.0682,0.66,0.2224
model-1640209981,1640209982.506,0.89,0.0826,0.81,0.1471
model-1640209981,1640209982.52,0.92,0.0754,0.72,0.2298
model-1640209981,1640209982.533,0.87,0.0909,0.7,0.2255
model-1640209981,1640209982.546,0.89,0.0787,0.79,0.1624
model-1640209981,1640209982.559,0.92,0.0636,0.66,0.2558
model-1640209981,1640209982.572,0.92,0.0487,0.65,0.2412
model-1640209981,1640209982.586,0.9,0.0811,0.74,0.2126
model-1640209981,1640209982.599,0.92,0.0577,0.77,0.183
model-1640209981,1640209982.611,0.93,0.0581,0.77,0.1882
model-1640209981,1640209982.625,0.89,0.0768,0.74,0.2006
model-1640209981,1640209982.638,0.91,0.0793,0.71,0.23
model-1640209981,1640209982.651,0.91,0.0631,0.79,0.1518
model-1640209981,1640209982.664,0.92,0.0589,0.76,0.1963
model-1640209981,1640209982.677,0.86,0.0922,0.71,0.2106
model-1640209981,1640209982.691,0.91,0.0782,0.75,0.1904
model-1640209981,1640209982.703,0.83,0.1462,0.79,0.1779
model-1640209981,1640209982.716,0.79,0.1423,0.71,0.2206
model-1640209981,1640209982.73,0.8,0.1328,0.73,0.2239
model-1640209981,1640209982.743,0.9,0.0816,0.75,0.228
model-1640209981,1640209982.755,0.82,0.1276,0.71,0.2124
model-1640209981,1640209982.768,0.89,0.0868,0.72,0.1949
model-1640209981,1640209982.781,0.81,0.1274,0.69,0.2564
model-1640209981,1640209982.794,0.85,0.1241,0.83,0.1415
model-1640209981,1640209982.807,0.89,0.0804,0.75,0.1775
model-1640209981,1640209982.82,0.92,0.065,0.61,0.2919
model-1640209981,1640209982.833,0.86,0.1132,0.71,0.2316
model-1640209981,1640209982.847,0.86,0.0993,0.74,0.2131
model-1640209981,1640209982.859,0.86,0.0978,0.75,0.1898
model-1640209981,1640209982.872,0.88,0.0776,0.78,0.1622
model-1640209981,1640209982.885,0.89,0.0913,0.69,0.2431
model-1640209981,1640209982.899,0.93,0.0446,0.79,0.1672
model-1640209981,1640209982.911,0.91,0.0637,0.74,0.177
model-1640209981,1640209982.924,0.89,0.0745,0.76,0.1979
model-1640209981,1640209982.937,0.82,0.1217,0.79,0.1426
model-1640209981,1640209982.95,0.84,0.1288,0.81,0.1643
model-1640209981,1640209982.963,0.87,0.0919,0.73,0.2068
model-1640209981,1640209982.976,0.88,0.0879,0.77,0.156
model-1640209981,1640209982.989,0.86,0.1117,0.68,0.243
model-1640209981,1640209983.002,0.85,0.1003,0.74,0.1988
model-1640209981,1640209983.015,0.88,0.1031,0.73,0.2069
model-1640209981,1640209983.029,0.88,0.0786,0.83,0.1284
model-1640209981,1640209983.042,0.89,0.0829,0.62,0.271
model-1640209981,1640209983.055,0.89,0.0645,0.78,0.1588
model-1640209981,1640209983.069,0.92,0.0723,0.82,0.1171
model-1640209981,1640209983.084,0.93,0.0562,0.71,0.2289
model-1640209981,1640209983.098,0.9,0.0813,0.79,0.1781
model-1640209981,1640209983.112,0.87,0.0834,0.72,0.2262
model-1640209981,1640209983.126,0.85,0.1158,0.8,0.1561
model-1640209981,1640209983.14,0.89,0.0963,0.74,0.1885
model-1640209981,1640209983.154,0.89,0.0847,0.77,0.1836
model-1640209981,1640209983.168,0.9,0.0716,0.71,0.1952
model-1640209981,1640209983.182,0.91,0.0714,0.73,0.211
model-1640209981,1640209983.196,0.9,0.0912,0.74,0.1895
model-1640209981,1640209983.211,0.92,0.0663,0.72,0.2084
model-1640209981,1640209983.225,0.91,0.0807,0.73,0.2046
model-1640209981,1640209983.239,0.86,0.0954,0.75,0.1738
model-1640209981,1640209983.253,0.99,0.0216,0.7,0.1953
model-1640209981,1640209983.266,0.96,0.037,0.77,0.1862
model-1640209981,1640209983.281,0.93,0.0543,0.66,0.231
model-1640209981,1640209983.294,0.89,0.0932,0.8,0.1491
model-1640209981,1640209983.309,0.91,0.0771,0.78,0.1562
model-1640209981,1640209983.323,0.9,0.0738,0.8,0.1683
model-1640209981,1640209983.337,0.95,0.048,0.77,0.1574
model-1640209981,1640209983.352,0.85,0.1127,0.74,0.2134
model-1640209981,1640209983.365,0.9,0.0887,0.67,0.2272
model-1640209981,1640209983.38,0.91,0.0828,0.7,0.2285
model-1640209981,1640209983.393,0.86,0.1206,0.78,0.17
model-1640209981,1640209983.407,0.88,0.0993,0.82,0.1401
model-1640209981,1640209983.422,0.91,0.0679,0.78,0.1544
model-1640209981,1640209983.436,0.94,0.056,0.82,0.1564
model-1640209981,1640209983.45,0.94,0.0528,0.71,0.2071
model-1640209981,1640209983.464,0.91,0.0652,0.69,0.2088
model-1640209981,1640209983.478,0.87,0.1031,0.77,0.1834
model-1640209981,1640209983.492,0.93,0.0542,0.76,0.185
model-1640209981,1640209983.505,0.94,0.0445,0.78,0.1634
model-1640209981,1640209983.519,0.87,0.0934,0.73,0.195
model-1640209981,1640209983.534,0.95,0.0524,0.74,0.2031
model-1640209981,1640209983.548,0.95,0.0332,0.78,0.1562
model-1640209981,1640209983.562,0.91,0.0736,0.77,0.1718
model-1640209981,1640209983.576,0.93,0.0765,0.82,0.1364
model-1640209981,1640209983.59,0.92,0.0678,0.72,0.1835
model-1640209981,1640209983.604,0.95,0.0417,0.78,0.1893
model-1640209981,1640209983.618,0.94,0.0497,0.66,0.2061
model-1640209981,1640209983.632,0.89,0.0718,0.72,0.2299
model-1640209981,1640209983.646,0.91,0.0717,0.75,0.1999
model-1640209981,1640209983.661,0.92,0.0663,0.83,0.1405
model-1640209981,1640209983.675,0.96,0.0388,0.78,0.1764
model-1640209981,1640209983.689,0.95,0.0532,0.74,0.1853
model-1640209981,1640209983.702,0.91,0.0629,0.81,0.1489
model-1640209981,1640209983.716,0.9,0.0637,0.73,0.1897
model-1640209981,1640209983.731,0.91,0.0624,0.72,0.2016
model-1640209981,1640209983.744,0.93,0.066,0.79,0.1493
model-1640209981,1640209983.76,0.89,0.0806,0.74,0.2193
model-1640209981,1640209983.773,0.89,0.0838,0.75,0.1746
model-1640209981,1640209983.787,0.95,0.0427,0.78,0.1699
model-1640209981,1640209983.801,0.94,0.0545,0.78,0.1733
model-1640209981,1640209983.815,0.9,0.0826,0.8,0.1747
model-1640209981,1640209983.829,0.91,0.0531,0.74,0.1957
model-1640209981,1640209983.843,0.91,0.0763,0.78,0.1848
model-1640209981,1640209983.857,0.83,0.1105,0.72,0.2051
model-1640209981,1640209983.871,0.92,0.0808,0.71,0.2058
model-1640209981,1640209983.884,0.88,0.0948,0.74,0.1883
model-1640209981,1640209983.897,0.89,0.1029,0.69,0.2269
model-1640209981,1640209983.91,0.94,0.0527,0.77,0.186
model-1640209981,1640209983.923,0.92,0.0698,0.79,0.1617
model-1640209981,1640209983.936,0.85,0.1031,0.7,0.2254
model-1640209981,1640209983.951,0.9,0.0882,0.7,0.2255
model-1640209981,1640209983.966,0.85,0.0901,0.76,0.1733
model-1640209981,1640209983.979,0.92,0.0738,0.78,0.1714
model-1640209981,1640209983.992,0.9,0.0768,0.79,0.178
model-1640209981,1640209984.006,0.9,0.0628,0.71,0.2016
model-1640209981,1640209984.019,0.87,0.0911,0.7,0.22
model-1640209981,1640209984.031,0.88,0.0739,0.72,0.2028
model-1640209981,1640209984.044,0.97,0.0276,0.73,0.2097
model-1640209981,1640209984.06,0.91,0.0686,0.83,0.1396
model-1640209981,1640209984.075,0.94,0.0459,0.74,0.1872
model-1640209981,1640209984.091,0.92,0.0797,0.76,0.2028
model-1640209981,1640209984.104,0.87,0.0975,0.66,0.2612
model-1640209981,1640209984.119,0.9,0.0867,0.66,0.2549
model-1640209981,1640209984.132,0.95,0.0457,0.78,0.1893
model-1640209981,1640209984.145,0.92,0.0809,0.74,0.227
model-1640209981,1640209984.159,0.92,0.074,0.73,0.2092
model-1640209981,1640209984.173,0.95,0.0542,0.74,0.2023
model-1640209981,1640209984.186,0.86,0.0991,0.77,0.2014
model-1640209981,1640209984.2,0.9,0.0869,0.76,0.1973
model-1640209981,1640209984.213,0.89,0.099,0.76,0.1775
model-1640209981,1640209984.226,0.95,0.0537,0.79,0.1801
model-1640209981,1640209984.239,0.88,0.0913,0.76,0.1822
model-1640209981,1640209984.252,0.85,0.083,0.7,0.2412
model-1640209981,1640209984.264,0.93,0.056,0.73,0.1967
model-1640209981,1640209984.277,0.93,0.0632,0.74,0.1901
model-1640209981,1640209984.29,0.91,0.0683,0.76,0.1763
model-1640209981,1640209984.304,0.9,0.1001,0.79,0.1737
model-1640209981,1640209984.317,0.91,0.0722,0.84,0.1424
model-1640209981,1640209984.33,0.9,0.0769,0.71,0.194
model-1640209981,1640209984.343,0.91,0.0737,0.75,0.1851
model-1640209981,1640209984.356,0.89,0.081,0.71,0.229
model-1640209981,1640209984.368,0.86,0.1136,0.71,0.2193
model-1640209981,1640209984.381,0.92,0.0565,0.67,0.2532
model-1640209981,1640209984.394,0.93,0.0578,0.73,0.2032
model-1640209981,1640209984.408,0.88,0.0944,0.76,0.1763
model-1640209981,1640209984.421,0.93,0.0531,0.74,0.1888
model-1640209981,1640209984.434,0.91,0.0732,0.69,0.2408
model-1640209981,1640209984.447,0.9,0.0786,0.8,0.1469
model-1640209981,1640209984.46,0.91,0.0776,0.73,0.2019
model-1640209981,1640209984.472,0.88,0.1002,0.7,0.2014
model-1640209981,1640209984.485,0.91,0.0656,0.68,0.2304
model-1640209981,1640209984.498,0.96,0.0509,0.73,0.2138
model-1640209981,1640209984.512,0.87,0.0909,0.76,0.181
model-1640209981,1640209984.525,1.0,0.0169,0.73,0.2029
model-1640209981,1640209984.539,0.95,0.0424,0.74,0.2044
model-1640209981,1640209984.553,0.9,0.083,0.77,0.1939
model-1640209981,1640209984.567,0.85,0.1171,0.75,0.1914
model-1640209981,1640209984.581,0.89,0.0759,0.73,0.193
model-1640209981,1640209984.595,0.9,0.0806,0.79,0.1676
model-1640209981,1640209984.609,0.93,0.0639,0.75,0.1892
model-1640209981,1640209984.624,0.89,0.0826,0.69,0.2211
model-1640209981,1640209984.638,0.92,0.0692,0.76,0.1819
model-1640209981,1640209984.652,0.95,0.0467,0.74,0.1764
model-1640209981,1640209984.665,0.85,0.1164,0.78,0.1792
model-1640209981,1640209984.68,0.88,0.0763,0.75,0.1868
model-1640209981,1640209984.693,0.94,0.0489,0.72,0.1898
model-1640209981,1640209984.707,0.89,0.0731,0.76,0.1858
model-1640209981,1640209984.721,0.9,0.0745,0.76,0.1712
model-1640209981,1640209984.736,0.88,0.0978,0.73,0.2167
model-1640209981,1640209984.751,0.88,0.0849,0.77,0.1853
model-1640209981,1640209984.764,0.88,0.0848,0.68,0.2128
model-1640209981,1640209984.778,0.9,0.0926,0.74,0.1773
model-1640209981,1640209984.792,0.95,0.0489,0.76,0.1633
model-1640209981,1640209984.805,0.96,0.0434,0.74,0.1918
model-1640209981,1640209984.82,0.94,0.0491,0.78,0.1719
model-1640209981,1640209984.834,0.88,0.0862,0.83,0.1247
model-1640209981,1640209984.849,0.93,0.0526,0.8,0.1548
model-1640209981,1640209984.863,0.92,0.0823,0.78,0.187
model-1640209981,1640209984.876,0.93,0.0492,0.75,0.1877
model-1640209981,1640209984.891,0.92,0.0687,0.74,0.206
model-1640209981,1640209984.904,0.9,0.0694,0.78,0.1648
model-1640209981,1640209984.919,0.92,0.0565,0.73,0.1992
model-1640209981,1640209984.933,0.89,0.0781,0.76,0.1883
model-1640209981,1640209984.946,0.92,0.0705,0.68,0.2256
model-1640209981,1640209984.961,0.95,0.0391,0.78,0.1928
model-1640209981,1640209984.975,0.93,0.0518,0.85,0.1339
model-1640209981,1640209984.988,0.89,0.081,0.75,0.1972
model-1640209981,1640209984.998,0.98,0.0106,0.68,0.2633
model-1640209981,1640209985.013,0.99,0.0136,0.8,0.1517
model-1640209981,1640209985.028,0.92,0.0576,0.83,0.135
model-1640209981,1640209985.041,0.98,0.0205,0.77,0.1762
model-1640209981,1640209985.055,0.93,0.0618,0.69,0.2282
model-1640209981,1640209985.07,0.94,0.0584,0.78,0.1703
model-1640209981,1640209985.084,0.94,0.0532,0.76,0.1837
model-1640209981,1640209985.098,0.92,0.0754,0.79,0.1744
model-1640209981,1640209985.112,0.98,0.0238,0.78,0.1851
model-1640209981,1640209985.126,0.93,0.0572,0.79,0.1909
model-1640209981,1640209985.141,0.93,0.0449,0.73,0.21
model-1640209981,1640209985.154,0.91,0.0724,0.76,0.1732
model-1640209981,1640209985.169,0.92,0.0628,0.8,0.1617
model-1640209981,1640209985.182,0.94,0.0599,0.78,0.1842
model-1640209981,1640209985.195,0.9,0.0831,0.74,0.206
model-1640209981,1640209985.21,0.9,0.0811,0.76,0.1842
model-1640209981,1640209985.224,0.96,0.0329,0.72,0.2208
model-1640209981,1640209985.239,0.97,0.0324,0.77,0.197
model-1640209981,1640209985.252,0.94,0.0471,0.8,0.1731
model-1640209981,1640209985.266,0.91,0.072,0.74,0.208
model-1640209981,1640209985.28,0.91,0.0702,0.82,0.1541
model-1640209981,1640209985.294,0.94,0.0577,0.72,0.1983
model-1640209981,1640209985.308,0.97,0.03,0.76,0.1785
model-1640209981,1640209985.322,0.92,0.0644,0.79,0.1658
model-1640209981,1640209985.336,0.94,0.0396,0.76,0.198
model-1640209981,1640209985.351,0.9,0.0885,0.75,0.1989
model-1640209981,1640209985.365,0.91,0.0662,0.77,0.1725
model-1640209981,1640209985.378,0.93,0.0608,0.72,0.2334
model-1640209981,1640209985.391,0.92,0.0747,0.75,0.1626
model-1640209981,1640209985.404,0.89,0.0759,0.76,0.183
model-1640209981,1640209985.417,0.84,0.1143,0.69,0.2255
model-1640209981,1640209985.43,0.91,0.0733,0.72,0.209
model-1640209981,1640209985.443,0.96,0.043,0.83,0.1346
model-1640209981,1640209985.457,0.89,0.0869,0.73,0.2003
model-1640209981,1640209985.47,0.89,0.0859,0.68,0.251
model-1640209981,1640209985.483,0.91,0.0852,0.73,0.194
model-1640209981,1640209985.496,0.97,0.0334,0.76,0.2078
model-1640209981,1640209985.509,0.91,0.0699,0.78,0.1764
model-1640209981,1640209985.522,0.91,0.057,0.74,0.1957
model-1640209981,1640209985.535,0.94,0.0449,0.7,0.2401
model-1640209981,1640209985.548,0.89,0.0873,0.79,0.1778
model-1640209981,1640209985.562,0.91,0.0624,0.7,0.2299
model-1640209981,1640209985.575,0.91,0.0741,0.82,0.1619
model-1640209981,1640209985.589,0.85,0.1088,0.73,0.1941
model-1640209981,1640209985.605,0.87,0.1046,0.75,0.1683
model-1640209981,1640209985.619,0.88,0.0781,0.78,0.1749
model-1640209981,1640209985.632,0.96,0.0427,0.71,0.2259
model-1640209981,1640209985.645,0.96,0.0347,0.77,0.1766
model-1640209981,1640209985.657,0.88,0.0901,0.74,0.1804
model-1640209981,1640209985.67,0.94,0.0562,0.81,0.1521
model-1640209981,1640209985.683,0.9,0.073,0.78,0.168
model-1640209981,1640209985.696,0.92,0.0792,0.77,0.1944
model-1640209981,1640209985.709,0.9,0.0736,0.79,0.1556
model-1640209981,1640209985.722,0.86,0.1068,0.72,0.2122
model-1640209981,1640209985.735,0.91,0.0618,0.79,0.1774
model-1640209981,1640209985.748,0.92,0.0684,0.78,0.1734
model-1640209981,1640209985.761,0.9,0.0691,0.8,0.1744
model-1640209981,1640209985.774,0.86,0.0923,0.73,0.2308
model-1640209981,1640209985.787,0.9,0.0732,0.75,0.205
model-1640209981,1640209985.8,0.87,0.0936,0.71,0.2351
model-1640209981,1640209985.813,0.87,0.1122,0.81,0.1738
model-1640209981,1640209985.826,0.81,0.1337,0.7,0.2162
model-1640209981,1640209985.839,0.87,0.0961,0.75,0.207
model-1640209981,1640209985.852,0.91,0.0623,0.81,0.1621
model-1640209981,1640209985.864,0.86,0.1296,0.74,0.2021
model-1640209981,1640209985.877,0.89,0.0858,0.79,0.1834
model-1640209981,1640209985.891,0.84,0.0995,0.74,0.1993
model-1640209981,1640209985.904,0.86,0.1069,0.84,0.1307
model-1640209981,1640209985.917,0.94,0.0557,0.69,0.2307
model-1640209981,1640209985.93,0.88,0.0902,0.81,0.1271
model-1640209981,1640209985.944,0.9,0.0754,0.76,0.1914
model-1640209981,1640209985.956,0.89,0.0959,0.71,0.2282
model-1640209981,1640209985.969,0.92,0.0632,0.77,0.1606
model-1640209981,1640209985.982,0.89,0.0922,0.78,0.147
model-1640209981,1640209985.996,0.9,0.0739,0.83,0.133
model-1640209981,1640209986.009,0.89,0.0886,0.71,0.2277
model-1640209981,1640209986.022,0.85,0.0991,0.78,0.1614
model-1640209981,1640209986.036,0.83,0.1268,0.73,0.2051
model-1640209981,1640209986.05,0.92,0.0706,0.67,0.2288
model-1640209981,1640209986.064,0.9,0.0903,0.73,0.1981
model-1640209981,1640209986.078,0.88,0.0861,0.77,0.1753
model-1640209981,1640209986.092,0.92,0.0829,0.76,0.1983
model-1640209981,1640209986.106,0.93,0.0568,0.83,0.1368
model-1640209981,1640209986.121,0.92,0.0661,0.73,0.1995
model-1640209981,1640209986.134,0.93,0.0606,0.8,0.1684
model-1640209981,1640209986.148,0.93,0.0502,0.69,0.2477
model-1640209981,1640209986.16,0.93,0.0567,0.8,0.1537
model-1640209981,1640209986.173,0.91,0.0573,0.8,0.165
model-1640209981,1640209986.186,0.91,0.0786,0.8,0.1614
model-1640209981,1640209986.2,0.89,0.0975,0.75,0.1968
model-1640209981,1640209986.212,0.89,0.076,0.78,0.1732
model-1640209981,1640209986.226,0.93,0.0562,0.81,0.1489
model-1640209981,1640209986.239,0.89,0.0686,0.72,0.2071
model-1640209981,1640209986.252,0.92,0.0548,0.67,0.2572
model-1640209981,1640209986.264,0.9,0.0796,0.72,0.2059
model-1640209981,1640209986.276,0.89,0.0831,0.72,0.1997
model-1640209981,1640209986.289,0.9,0.069,0.76,0.1877
model-1640209981,1640209986.303,0.91,0.0714,0.73,0.1939
model-1640209981,1640209986.316,0.98,0.0316,0.76,0.1702
model-1640209981,1640209986.329,0.96,0.0406,0.83,0.1531
model-1640209981,1640209986.342,0.93,0.0461,0.72,0.2077
model-1640209981,1640209986.355,0.92,0.0582,0.74,0.1798
model-1640209981,1640209986.367,0.92,0.0689,0.76,0.1553
model-1640209981,1640209986.38,0.93,0.047,0.78,0.1683
model-1640209981,1640209986.393,0.92,0.0512,0.69,0.2319
model-1640209981,1640209986.406,0.9,0.0788,0.75,0.199
model-1640209981,1640209986.42,0.9,0.0918,0.72,0.2042
model-1640209981,1640209986.433,0.94,0.0521,0.75,0.1951
model-1640209981,1640209986.446,0.88,0.0937,0.75,0.1938
model-1640209981,1640209986.458,0.91,0.0875,0.72,0.1978
model-1640209981,1640209986.471,0.93,0.0605,0.73,0.2175
model-1640209981,1640209986.483,0.93,0.049,0.79,0.1673
model-1640209981,1640209986.496,0.94,0.054,0.68,0.264
model-1640209981,1640209986.51,0.95,0.0436,0.78,0.194
model-1640209981,1640209986.523,0.91,0.0702,0.76,0.1993
model-1640209981,1640209986.537,0.96,0.046,0.77,0.1857
model-1640209981,1640209986.551,0.98,0.0302,0.84,0.1523
model-1640209981,1640209986.565,0.93,0.0637,0.78,0.1697
model-1640209981,1640209986.579,0.96,0.04,0.74,0.171
model-1640209981,1640209986.593,0.96,0.0221,0.7,0.2306
model-1640209981,1640209986.606,0.93,0.0554,0.78,0.1566
model-1640209981,1640209986.621,0.93,0.056,0.75,0.1999
model-1640209981,1640209986.635,0.95,0.0452,0.73,0.19
model-1640209981,1640209986.65,0.97,0.0368,0.8,0.1754
model-1640209981,1640209986.663,0.93,0.0486,0.8,0.177
model-1640209981,1640209986.677,0.94,0.052,0.78,0.1828
model-1640209981,1640209986.691,0.95,0.058,0.74,0.2016
model-1640209981,1640209986.705,0.94,0.0572,0.76,0.1953
model-1640209981,1640209986.719,0.98,0.0235,0.82,0.1183
model-1640209981,1640209986.734,0.95,0.0502,0.79,0.1591
model-1640209981,1640209986.748,0.93,0.0528,0.75,0.1858
model-1640209981,1640209986.762,0.94,0.0452,0.76,0.1965
model-1640209981,1640209986.775,0.97,0.0333,0.73,0.2095
model-1640209981,1640209986.789,0.92,0.0593,0.72,0.2273
model-1640209981,1640209986.803,0.92,0.0579,0.73,0.2226
model-1640209981,1640209986.816,0.92,0.0629,0.79,0.1739
model-1640209981,1640209986.831,0.95,0.0518,0.78,0.1778
model-1640209981,1640209986.845,0.91,0.0657,0.75,0.1886
model-1640209981,1640209986.86,0.89,0.0768,0.74,0.189
model-1640209981,1640209986.874,0.96,0.0401,0.77,0.1736
model-1640209981,1640209986.888,0.88,0.0808,0.75,0.207
model-1640209981,1640209986.902,0.94,0.0529,0.75,0.2091
model-1640209981,1640209986.915,0.92,0.0784,0.74,0.1816
model-1640209981,1640209986.93,0.9,0.0808,0.7,0.214
model-1640209981,1640209986.944,0.87,0.101,0.76,0.1392
model-1640209981,1640209986.959,0.93,0.0555,0.76,0.1798
model-1640209981,1640209986.973,0.94,0.0612,0.74,0.1878
model-1640209981,1640209986.986,0.92,0.0732,0.76,0.1627
model-1640209981,1640209987.001,0.88,0.0832,0.71,0.2251
model-1640209981,1640209987.014,0.84,0.1058,0.72,0.2381
model-1640209981,1640209987.029,0.93,0.0735,0.68,0.222
model-1640209981,1640209987.042,0.91,0.0554,0.7,0.2415
model-1640209981,1640209987.056,0.91,0.0535,0.76,0.1966
model-1640209981,1640209987.071,0.95,0.0468,0.72,0.2088
model-1640209981,1640209987.084,0.93,0.0622,0.73,0.2024
model-1640209981,1640209987.099,0.93,0.0466,0.66,0.2824
model-1640209981,1640209987.112,0.89,0.089,0.66,0.2499
model-1640209981,1640209987.125,0.83,0.1064,0.73,0.2098
model-1640209981,1640209987.14,0.89,0.0789,0.7,0.2407
model-1640209981,1640209987.153,0.91,0.0808,0.79,0.1885
model-1640209981,1640209987.167,0.91,0.0722,0.65,0.2578
model-1640209981,1640209987.182,0.89,0.0729,0.72,0.2442
model-1640209981,1640209987.195,0.82,0.1252,0.73,0.2309
model-1640209981,1640209987.21,0.89,0.0894,0.72,0.2293
model-1640209981,1640209987.224,0.9,0.0714,0.77,0.1911
model-1640209981,1640209987.238,0.9,0.0743,0.69,0.2399
model-1640209981,1640209987.252,0.89,0.0729,0.69,0.2369
model-1640209981,1640209987.265,0.91,0.0952,0.75,0.2145
model-1640209981,1640209987.279,0.85,0.1116,0.69,0.2393
model-1640209981,1640209987.294,0.9,0.0935,0.76,0.1839
model-1640209981,1640209987.308,0.9,0.0682,0.79,0.1896
model-1640209981,1640209987.322,0.95,0.0394,0.76,0.1891
model-1640209981,1640209987.335,0.94,0.0497,0.77,0.1893
model-1640209981,1640209987.349,0.93,0.0556,0.69,0.2527
model-1640209981,1640209987.361,0.89,0.0897,0.78,0.1789
model-1640209981,1640209987.373,0.91,0.0745,0.78,0.1614
model-1640209981,1640209987.386,0.94,0.0456,0.81,0.166
model-1640209981,1640209987.4,0.94,0.049,0.75,0.1894
model-1640209981,1640209987.412,0.9,0.0696,0.77,0.1809
model-1640209981,1640209987.43,0.92,0.0705,0.73,0.1908
model-1640209981,1640209987.443,0.99,0.0229,0.74,0.1932
model-1640209981,1640209987.457,0.95,0.0422,0.71,0.2084
model-1640209981,1640209987.469,0.87,0.1016,0.81,0.1697
model-1640209981,1640209987.482,0.95,0.0536,0.8,0.1723
model-1640209981,1640209987.495,0.89,0.0628,0.75,0.1731
model-1640209981,1640209987.508,0.95,0.0415,0.68,0.2213
model-1640209981,1640209987.522,0.95,0.0611,0.76,0.1633
model-1640209981,1640209987.535,0.95,0.0524,0.75,0.1715
model-1640209981,1640209987.549,0.95,0.0468,0.66,0.2399
model-1640209981,1640209987.561,0.92,0.0431,0.83,0.1412
model-1640209981,1640209987.573,0.87,0.0858,0.8,0.153
model-1640209981,1640209987.586,0.96,0.0349,0.79,0.1659
model-1640209981,1640209987.599,0.92,0.0453,0.78,0.1585
model-1640209981,1640209987.613,0.96,0.0375,0.71,0.2137
model-1640209981,1640209987.626,0.9,0.0757,0.75,0.1688
model-1640209981,1640209987.64,0.94,0.0416,0.66,0.2539
model-1640209981,1640209987.652,0.94,0.0548,0.76,0.1871
model-1640209981,1640209987.665,0.91,0.0773,0.76,0.1803
model-1640209981,1640209987.677,0.93,0.0701,0.75,0.1845
model-1640209981,1640209987.691,0.93,0.0575,0.85,0.1384
model-1640209981,1640209987.703,0.93,0.052,0.84,0.1441
model-1640209981,1640209987.716,0.88,0.0849,0.74,0.1907
model-1640209981,1640209987.73,0.9,0.0628,0.8,0.1656
model-1640209981,1640209987.744,0.91,0.0593,0.7,0.2437
model-1640209981,1640209987.756,0.89,0.0817,0.75,0.177
model-1640209981,1640209987.769,0.93,0.0601,0.73,0.1971
model-1640209981,1640209987.781,0.9,0.0757,0.76,0.1713
model-1640209981,1640209987.794,0.95,0.0443,0.76,0.1878
model-1640209981,1640209987.807,0.89,0.0683,0.78,0.1727
model-1640209981,1640209987.82,0.89,0.091,0.78,0.1858
model-1640209981,1640209987.834,0.91,0.0629,0.74,0.1839
model-1640209981,1640209987.848,0.87,0.0798,0.82,0.1597
model-1640209981,1640209987.86,0.9,0.0597,0.78,0.1544
model-1640209981,1640209987.872,0.91,0.0659,0.71,0.2387
model-1640209981,1640209987.885,0.92,0.0583,0.78,0.1606
model-1640209981,1640209987.898,0.9,0.0858,0.71,0.2373
model-1640209981,1640209987.911,0.95,0.0378,0.73,0.1959
model-1640209981,1640209987.924,0.89,0.0799,0.73,0.2029
model-1640209981,1640209987.939,0.92,0.0702,0.8,0.1551
model-1640209981,1640209987.952,0.91,0.077,0.75,0.1792
model-1640209981,1640209987.964,0.86,0.0894,0.76,0.1742
model-1640209981,1640209987.976,0.89,0.0815,0.74,0.2003
model-1640209981,1640209987.99,0.94,0.0476,0.81,0.1387
model-1640209981,1640209988.006,0.94,0.0503,0.83,0.1344
model-1640209981,1640209988.021,0.91,0.0714,0.65,0.2759
model-1640209981,1640209988.032,0.96,0.021,0.77,0.1883
model-1640209981,1640209988.048,0.96,0.0348,0.76,0.1868
model-1640209981,1640209988.062,0.93,0.0528,0.77,0.1739
model-1640209981,1640209988.075,0.99,0.0152,0.7,0.2513
model-1640209981,1640209988.09,0.9,0.0719,0.76,0.1892
model-1640209981,1640209988.104,0.91,0.0636,0.75,0.2024
model-1640209981,1640209988.118,0.95,0.0496,0.77,0.1722
model-1640209981,1640209988.132,0.94,0.0501,0.68,0.2369
model-1640209981,1640209988.146,0.94,0.0452,0.7,0.233
model-1640209981,1640209988.159,0.94,0.0581,0.8,0.1593
model-1640209981,1640209988.171,0.93,0.0504,0.78,0.1885
model-1640209981,1640209988.185,0.9,0.0864,0.76,0.1756
model-1640209981,1640209988.199,0.95,0.0523,0.79,0.1774
model-1640209981,1640209988.211,0.9,0.0548,0.7,0.2281
model-1640209981,1640209988.224,0.92,0.0699,0.77,0.1693
model-1640209981,1640209988.238,0.89,0.0788,0.7,0.2385
model-1640209981,1640209988.251,0.95,0.0318,0.78,0.1582
model-1640209981,1640209988.264,0.96,0.0326,0.76,0.1955
model-1640209981,1640209988.277,0.97,0.024,0.83,0.1393
model-1640209981,1640209988.291,0.95,0.0376,0.71,0.1933
model-1640209981,1640209988.304,0.93,0.0561,0.84,0.1424
model-1640209981,1640209988.316,0.91,0.0692,0.73,0.1974
model-1640209981,1640209988.33,0.95,0.0432,0.72,0.2257
model-1640209981,1640209988.343,0.92,0.0603,0.74,0.1831
model-1640209981,1640209988.356,0.96,0.0305,0.71,0.2062
model-1640209981,1640209988.369,0.91,0.0719,0.72,0.2212
model-1640209981,1640209988.382,0.92,0.0601,0.71,0.2082
model-1640209981,1640209988.396,0.91,0.0622,0.79,0.1809
model-1640209981,1640209988.408,0.91,0.0814,0.69,0.2404
model-1640209981,1640209988.421,0.88,0.0844,0.76,0.1858
model-1640209981,1640209988.434,0.9,0.0896,0.79,0.1676
model-1640209981,1640209988.448,0.93,0.0602,0.75,0.2001
model-1640209981,1640209988.46,0.95,0.0448,0.72,0.2305
model-1640209981,1640209988.473,0.93,0.0646,0.8,0.1498
model-1640209981,1640209988.486,0.91,0.0661,0.73,0.2082
model-1640209981,1640209988.501,0.84,0.1175,0.67,0.2823
model-1640209981,1640209988.514,0.94,0.04,0.74,0.2116
model-1640209981,1640209988.528,0.93,0.0536,0.79,0.1541
model-1640209981,1640209988.542,0.93,0.053,0.68,0.2355
model-1640209981,1640209988.555,0.97,0.0307,0.73,0.2124
model-1640209981,1640209988.57,0.92,0.0654,0.72,0.1937
model-1640209981,1640209988.584,0.92,0.062,0.65,0.2721
model-1640209981,1640209988.598,0.89,0.0767,0.76,0.1915
model-1640209981,1640209988.612,0.9,0.083,0.72,0.2251
model-1640209981,1640209988.626,0.92,0.0661,0.71,0.2141
model-1640209981,1640209988.641,0.91,0.0714,0.75,0.1953
model-1640209981,1640209988.654,0.92,0.0486,0.79,0.1834
model-1640209981,1640209988.668,0.94,0.0479,0.73,0.2338
model-1640209981,1640209988.682,0.9,0.0806,0.73,0.2174
model-1640209981,1640209988.696,0.93,0.0576,0.74,0.2205
model-1640209981,1640209988.711,0.91,0.0606,0.74,0.2149
model-1640209981,1640209988.725,0.92,0.0498,0.7,0.2044
model-1640209981,1640209988.739,0.91,0.0636,0.68,0.2318
model-1640209981,1640209988.753,0.9,0.072,0.72,0.2072
model-1640209981,1640209988.766,0.97,0.027,0.78,0.1808
model-1640209981,1640209988.781,0.92,0.0513,0.8,0.1459
model-1640209981,1640209988.794,0.94,0.0425,0.83,0.1397
model-1640209981,1640209988.809,0.88,0.0905,0.81,0.1519
model-1640209981,1640209988.822,0.93,0.058,0.79,0.1767
model-1640209981,1640209988.836,0.9,0.0721,0.81,0.1513
model-1640209981,1640209988.851,0.97,0.0359,0.76,0.2098
model-1640209981,1640209988.864,0.9,0.0811,0.77,0.1734
model-1640209981,1640209988.878,0.91,0.0681,0.8,0.161
model-1640209981,1640209988.892,0.95,0.0377,0.74,0.2108
model-1640209981,1640209988.906,0.86,0.0928,0.7,0.2429
model-1640209981,1640209988.921,0.9,0.0825,0.75,0.1951
model-1640209981,1640209988.935,0.9,0.0685,0.86,0.1239
model-1640209981,1640209988.95,0.88,0.0972,0.72,0.2136
model-1640209981,1640209988.963,0.93,0.0595,0.8,0.1784
model-1640209981,1640209988.978,0.96,0.0482,0.78,0.1711
model-1640209981,1640209988.991,0.93,0.0482,0.72,0.2194
model-1640209981,1640209989.005,0.89,0.0724,0.81,0.1611
model-1640209981,1640209989.019,0.94,0.0401,0.74,0.2145
model-1640209981,1640209989.034,0.92,0.0593,0.74,0.2062
model-1640209981,1640209989.048,0.95,0.0508,0.81,0.1584
model-1640209981,1640209989.062,0.9,0.0693,0.7,0.2303
model-1640209981,1640209989.075,0.9,0.08,0.74,0.2123
model-1640209981,1640209989.09,0.86,0.1024,0.7,0.2246
model-1640209981,1640209989.103,0.94,0.0591,0.78,0.1976
model-1640209981,1640209989.118,0.91,0.0786,0.69,0.23
model-1640209981,1640209989.132,0.86,0.1055,0.71,0.2167
model-1640209981,1640209989.146,0.89,0.0841,0.85,0.1203
model-1640209981,1640209989.161,0.84,0.0972,0.66,0.2768
model-1640209981,1640209989.174,0.9,0.077,0.69,0.2618
model-1640209981,1640209989.189,0.92,0.0572,0.68,0.2394
model-1640209981,1640209989.202,0.93,0.0568,0.68,0.2206
model-1640209981,1640209989.216,0.9,0.0631,0.7,0.2415
model-1640209981,1640209989.231,0.93,0.0683,0.72,0.2087
model-1640209981,1640209989.244,0.96,0.0487,0.82,0.1537
model-1640209981,1640209989.259,0.88,0.0959,0.8,0.1489
model-1640209981,1640209989.273,0.88,0.0907,0.76,0.1839
model-1640209981,1640209989.287,0.95,0.0408,0.77,0.1783
model-1640209981,1640209989.301,0.92,0.0593,0.78,0.1785
model-1640209981,1640209989.314,0.94,0.0461,0.71,0.2202
model-1640209981,1640209989.327,0.9,0.0804,0.75,0.2141
model-1640209981,1640209989.341,0.94,0.0497,0.75,0.1854
model-1640209981,1640209989.354,0.97,0.0263,0.76,0.1815
model-1640209981,1640209989.367,0.96,0.0467,0.73,0.1973
model-1640209981,1640209989.381,0.97,0.0273,0.76,0.1742
model-1640209981,1640209989.394,0.97,0.0264,0.74,0.1965
model-1640209981,1640209989.407,0.95,0.04,0.75,0.2116
model-1640209981,1640209989.419,0.95,0.0398,0.78,0.1748
model-1640209981,1640209989.433,0.89,0.0671,0.8,0.172
model-1640209981,1640209989.447,0.93,0.0533,0.82,0.1444
model-1640209981,1640209989.459,0.97,0.027,0.77,0.1857
model-1640209981,1640209989.472,0.91,0.077,0.73,0.2061
model-1640209981,1640209989.485,0.89,0.0876,0.72,0.1939
model-1640209981,1640209989.498,0.98,0.0334,0.82,0.1458
model-1640209981,1640209989.511,0.93,0.06,0.75,0.2094
model-1640209981,1640209989.524,0.92,0.0753,0.77,0.1964
model-1640209981,1640209989.538,0.94,0.0479,0.76,0.1794
model-1640209981,1640209989.55,0.96,0.0332,0.79,0.1966
model-1640209981,1640209989.563,0.92,0.056,0.75,0.2205
model-1640209981,1640209989.576,0.96,0.0331,0.75,0.1952
model-1640209981,1640209989.589,0.92,0.0651,0.75,0.2155
model-1640209981,1640209989.602,0.96,0.0474,0.76,0.1792
model-1640209981,1640209989.614,0.93,0.042,0.83,0.1534
model-1640209981,1640209989.627,0.92,0.0593,0.72,0.2129
model-1640209981,1640209989.641,0.95,0.049,0.7,0.214
model-1640209981,1640209989.654,0.96,0.0235,0.73,0.202
model-1640209981,1640209989.666,0.95,0.0404,0.75,0.2143
model-1640209981,1640209989.68,0.95,0.0417,0.79,0.162
model-1640209981,1640209989.694,0.96,0.0353,0.7,0.2097
model-1640209981,1640209989.707,0.97,0.0326,0.79,0.1884
model-1640209981,1640209989.72,0.96,0.0279,0.79,0.1733
model-1640209981,1640209989.734,0.9,0.0646,0.75,0.1852
model-1640209981,1640209989.747,0.94,0.0569,0.79,0.1469
model-1640209981,1640209989.759,0.92,0.0555,0.79,0.1632
model-1640209981,1640209989.772,0.96,0.0326,0.77,0.2026
model-1640209981,1640209989.786,0.96,0.0434,0.8,0.1528
model-1640209981,1640209989.8,0.95,0.0404,0.74,0.2151
model-1640209981,1640209989.813,0.95,0.0371,0.75,0.1831
model-1640209981,1640209989.826,0.97,0.0229,0.76,0.1997
model-1640209981,1640209989.84,0.95,0.0503,0.77,0.1868
model-1640209981,1640209989.853,0.96,0.0369,0.77,0.1797
model-1640209981,1640209989.865,0.96,0.046,0.7,0.2512
model-1640209981,1640209989.878,0.97,0.0276,0.76,0.1939
model-1640209981,1640209989.892,0.96,0.0443,0.79,0.1728
model-1640209981,1640209989.905,0.9,0.0656,0.78,0.166
model-1640209981,1640209989.918,0.95,0.0408,0.73,0.2122
model-1640209981,1640209989.932,0.93,0.0573,0.77,0.1863
model-1640209981,1640209989.945,0.94,0.0376,0.71,0.235
model-1640209981,1640209989.957,0.93,0.0645,0.77,0.1884
model-1640209981,1640209989.97,0.94,0.0523,0.71,0.2241
model-1640209981,1640209989.983,0.91,0.0738,0.78,0.185
model-1640209981,1640209989.996,0.9,0.0739,0.74,0.2349
model-1640209981,1640209990.011,0.9,0.0732,0.64,0.2782
model-1640209981,1640209990.024,0.92,0.0656,0.75,0.1833
model-1640209981,1640209990.038,0.94,0.0438,0.75,0.1966
model-1640209981,1640209990.052,0.89,0.0646,0.75,0.2106
model-1640209981,1640209990.065,0.9,0.0709,0.68,0.2616
model-1640209981,1640209990.08,0.92,0.0485,0.67,0.2746
model-1640209981,1640209990.093,0.87,0.0891,0.79,0.1854
model-1640209981,1640209990.108,0.94,0.0508,0.73,0.2108
model-1640209981,1640209990.121,0.93,0.0468,0.79,0.1663
model-1640209981,1640209990.138,0.99,0.0132,0.73,0.2267
model-1640209981,1640209990.152,0.89,0.0708,0.71,0.2478
model-1640209981,1640209990.173,0.81,0.1235,0.71,0.2538
model-1640209981,1640209990.192,0.87,0.1157,0.68,0.2384
model-1640209981,1640209990.211,0.9,0.077,0.68,0.2427
model-1640209981,1640209990.228,0.89,0.0703,0.71,0.2314
model-1640209981,1640209990.242,0.98,0.0239,0.7,0.2192
model-1640209981,1640209990.256,0.87,0.0954,0.71,0.2371
model-1640209981,1640209990.271,0.88,0.0931,0.64,0.2845
model-1640209981,1640209990.284,0.87,0.1072,0.65,0.3074
model-1640209981,1640209990.299,0.81,0.1325,0.66,0.2687
model-1640209981,1640209990.312,0.85,0.1068,0.73,0.2193
model-1640209981,1640209990.326,0.88,0.1133,0.67,0.2416
model-1640209981,1640209990.341,0.95,0.0461,0.81,0.1472
model-1640209981,1640209990.355,0.91,0.0754,0.7,0.245
model-1640209981,1640209990.37,0.91,0.0845,0.7,0.2445
model-1640209981,1640209990.383,0.93,0.0671,0.7,0.2359
model-1640209981,1640209990.398,0.77,0.1563,0.73,0.1871
model-1640209981,1640209990.411,0.89,0.0918,0.77,0.2177
model-1640209981,1640209990.425,0.9,0.0792,0.81,0.1644
model-1640209981,1640209990.44,0.91,0.0665,0.78,0.1879
model-1640209981,1640209990.453,0.95,0.0477,0.71,0.2193
model-1640209981,1640209990.468,0.95,0.0383,0.72,0.2326
model-1640209981,1640209990.482,0.89,0.0871,0.68,0.2284
model-1640209981,1640209990.496,0.83,0.133,0.74,0.2295
model-1640209981,1640209990.511,0.88,0.0894,0.75,0.1992
model-1640209981,1640209990.524,0.95,0.0373,0.75,0.1975
model-1640209981,1640209990.539,0.89,0.0886,0.71,0.2315
model-1640209981,1640209990.553,0.93,0.05,0.68,0.2366
model-1640209981,1640209990.568,0.95,0.0442,0.69,0.236
model-1640209981,1640209990.582,0.96,0.0493,0.8,0.1724
model-1640209981,1640209990.596,0.93,0.0659,0.71,0.2244
model-1640209981,1640209990.611,0.92,0.0582,0.76,0.1667
model-1640209981,1640209990.625,0.91,0.0709,0.79,0.1668
model-1640209981,1640209990.639,0.94,0.0382,0.7,0.2209
model-1640209981,1640209990.653,0.9,0.0611,0.79,0.1573
model-1640209981,1640209990.667,0.98,0.0211,0.77,0.1716
model-1640209981,1640209990.681,0.98,0.0242,0.72,0.2272
model-1640209981,1640209990.696,0.98,0.0239,0.73,0.2081
model-1640209981,1640209990.711,0.95,0.0577,0.71,0.207
model-1640209981,1640209990.725,0.94,0.0378,0.71,0.2265
model-1640209981,1640209990.74,0.95,0.0492,0.75,0.1895
model-1640209981,1640209990.753,0.94,0.0677,0.71,0.2339
model-1640209981,1640209990.768,0.89,0.0809,0.74,0.2117
model-1640209981,1640209990.782,0.9,0.0683,0.78,0.1635
model-1640209981,1640209990.795,0.95,0.0327,0.74,0.2207
model-1640209981,1640209990.811,0.93,0.0558,0.7,0.2274
model-1640209981,1640209990.825,0.97,0.0278,0.73,0.2228
model-1640209981,1640209990.84,0.97,0.0324,0.73,0.2051
model-1640209981,1640209990.854,0.94,0.0648,0.73,0.2011
model-1640209981,1640209990.868,0.94,0.0472,0.74,0.1949
model-1640209981,1640209990.882,0.92,0.0675,0.85,0.1471
model-1640209981,1640209990.895,0.91,0.0528,0.74,0.1923
model-1640209981,1640209990.91,0.95,0.0416,0.77,0.183
model-1640209981,1640209990.924,0.92,0.0762,0.7,0.2312
model-1640209981,1640209990.939,0.99,0.025,0.78,0.1941
model-1640209981,1640209990.953,0.96,0.0361,0.74,0.1959
model-1640209981,1640209990.966,0.93,0.052,0.73,0.2095
model-1640209981,1640209990.981,0.88,0.0895,0.74,0.1964
model-1640209981,1640209990.994,0.91,0.054,0.78,0.1818
model-1640209981,1640209991.008,0.92,0.0593,0.76,0.1738
model-1640209981,1640209991.022,0.99,0.0267,0.78,0.1638
model-1640209981,1640209991.038,0.95,0.0531,0.77,0.1889
model-1640209981,1640209991.052,0.89,0.0803,0.68,0.2523
model-1640209981,1640209991.065,0.94,0.0561,0.72,0.2258
model-1640209981,1640209991.08,0.92,0.0603,0.77,0.1947
model-1640209981,1640209991.093,0.95,0.0524,0.79,0.1572
model-1640209981,1640209991.108,0.95,0.0452,0.73,0.2235
model-1640209981,1640209991.121,0.99,0.0137,0.73,0.2251
model-1640209981,1640209991.135,0.86,0.0923,0.75,0.1972
model-1640209981,1640209991.146,0.96,0.0206,0.75,0.1845
model-1640209981,1640209991.162,0.96,0.0337,0.76,0.1797
model-1640209981,1640209991.175,0.91,0.0486,0.78,0.1779
model-1640209981,1640209991.19,0.99,0.0076,0.76,0.1962
model-1640209981,1640209991.204,0.94,0.041,0.76,0.2258
model-1640209981,1640209991.22,0.94,0.0456,0.84,0.1286
model-1640209981,1640209991.234,0.9,0.0656,0.78,0.1714
model-1640209981,1640209991.248,0.92,0.0517,0.68,0.2328
model-1640209981,1640209991.262,0.94,0.0476,0.81,0.169
model-1640209981,1640209991.277,0.94,0.0493,0.73,0.2315
model-1640209981,1640209991.291,0.92,0.0511,0.68,0.2709
model-1640209981,1640209991.305,0.92,0.0658,0.75,0.2193
model-1640209981,1640209991.318,0.91,0.0657,0.72,0.2333
model-1640209981,1640209991.33,0.91,0.0639,0.78,0.1749
model-1640209981,1640209991.344,0.91,0.0822,0.73,0.2185
model-1640209981,1640209991.356,0.9,0.0739,0.72,0.2163
model-1640209981,1640209991.37,0.94,0.0386,0.82,0.1658
model-1640209981,1640209991.382,0.95,0.0417,0.78,0.1797
model-1640209981,1640209991.396,0.93,0.0505,0.73,0.2449
model-1640209981,1640209991.408,0.98,0.0289,0.79,0.1559
model-1640209981,1640209991.421,0.89,0.0727,0.78,0.1804
model-1640209981,1640209991.433,0.93,0.053,0.74,0.2193
model-1640209981,1640209991.447,0.97,0.0296,0.69,0.2423
model-1640209981,1640209991.459,0.94,0.0437,0.63,0.2831
model-1640209981,1640209991.473,0.91,0.0556,0.74,0.2044
model-1640209981,1640209991.485,0.91,0.069,0.75,0.2119
model-1640209981,1640209991.499,0.95,0.0423,0.79,0.1536
model-1640209981,1640209991.511,0.92,0.0536,0.71,0.208
model-1640209981,1640209991.524,0.92,0.0647,0.8,0.1543
model-1640209981,1640209991.537,0.92,0.0605,0.77,0.2053
model-1640209981,1640209991.55,0.88,0.0858,0.75,0.2097
model-1640209981,1640209991.562,0.96,0.0446,0.66,0.2455
model-1640209981,1640209991.576,0.98,0.0214,0.7,0.2084
model-1640209981,1640209991.589,0.91,0.0703,0.76,0.2082
model-1640209981,1640209991.602,0.92,0.0685,0.75,0.1862
model-1640209981,1640209991.614,0.9,0.0824,0.74,0.2048
model-1640209981,1640209991.627,0.96,0.0314,0.78,0.181
model-1640209981,1640209991.641,0.95,0.0437,0.73,0.2141
model-1640209981,1640209991.653,0.96,0.029,0.72,0.2457
model-1640209981,1640209991.666,0.98,0.0248,0.62,0.28
model-1640209981,1640209991.679,0.94,0.0511,0.78,0.1879
model-1640209981,1640209991.692,0.94,0.049,0.72,0.2308
model-1640209981,1640209991.706,0.9,0.066,0.75,0.1924
model-1640209981,1640209991.719,0.92,0.0707,0.77,0.1985
model-1640209981,1640209991.731,0.91,0.0817,0.75,0.1842
model-1640209981,1640209991.744,0.95,0.0418,0.84,0.1327
model-1640209981,1640209991.757,0.95,0.0314,0.69,0.2437
model-1640209981,1640209991.769,0.98,0.016,0.71,0.2438
model-1640209981,1640209991.783,0.93,0.0654,0.67,0.2557
model-1640209981,1640209991.797,0.93,0.0593,0.72,0.2264
model-1640209981,1640209991.81,0.95,0.0383,0.74,0.231
model-1640209981,1640209991.823,0.9,0.0733,0.78,0.1714
model-1640209981,1640209991.835,0.95,0.0353,0.76,0.1892
model-1640209981,1640209991.849,0.96,0.0427,0.72,0.2119
model-1640209981,1640209991.861,0.98,0.0265,0.83,0.1491
model-1640209981,1640209991.874,0.93,0.0413,0.68,0.2718
model-1640209981,1640209991.888,0.92,0.0643,0.75,0.2011
model-1640209981,1640209991.902,0.85,0.1139,0.72,0.2221
model-1640209981,1640209991.914,0.91,0.0695,0.79,0.1644
model-1640209981,1640209991.927,0.92,0.0584,0.77,0.1688
model-1640209981,1640209991.94,0.92,0.0481,0.77,0.1858
model-1640209981,1640209991.953,0.94,0.0494,0.76,0.2031
model-1640209981,1640209991.965,0.93,0.05,0.74,0.2049
model-1640209981,1640209991.978,0.94,0.0454,0.8,0.1693
model-1640209981,1640209991.992,0.88,0.0939,0.73,0.2192
model-1640209981,1640209992.005,0.91,0.0723,0.75,0.1884
model-1640209981,1640209992.019,0.94,0.0555,0.65,0.2538
model-1640209981,1640209992.032,0.88,0.0863,0.78,0.1734
model-1640209981,1640209992.046,0.94,0.0504,0.73,0.2179
model-1640209981,1640209992.06,0.93,0.0462,0.76,0.1834
model-1640209981,1640209992.074,0.93,0.0496,0.72,0.2053
model-1640209981,1640209992.088,0.93,0.0637,0.78,0.1712
model-1640209981,1640209992.103,0.98,0.0294,0.81,0.1614
model-1640209981,1640209992.117,0.91,0.056,0.75,0.2038
model-1640209981,1640209992.131,0.9,0.0808,0.72,0.2329
model-1640209981,1640209992.144,0.95,0.0533,0.75,0.1806
model-1640209981,1640209992.157,0.92,0.0752,0.74,0.2068
model-1640209981,1640209992.169,0.91,0.0848,0.79,0.1513
model-1640209981,1640209992.182,0.94,0.0471,0.73,0.2143
model-1640209981,1640209992.195,0.9,0.0875,0.7,0.2286
model-1640209981,1640209992.208,0.9,0.0828,0.75,0.1862
model-1640209981,1640209992.221,0.91,0.0601,0.69,0.2382
model-1640209981,1640209992.235,0.88,0.083,0.68,0.2456
model-1640209981,1640209992.248,0.86,0.0842,0.75,0.1934
model-1640209981,1640209992.26,0.95,0.0476,0.76,0.185
model-1640209981,1640209992.273,0.95,0.0322,0.7,0.2656
model-1640209981,1640209992.285,0.88,0.0831,0.68,0.2868
model-1640209981,1640209992.299,0.84,0.1061,0.68,0.2678
model-1640209981,1640209992.312,0.9,0.0569,0.65,0.2792
model-1640209981,1640209992.325,0.9,0.1025,0.76,0.1926
model-1640209981,1640209992.339,0.93,0.0526,0.78,0.16
model-1640209981,1640209992.352,0.94,0.0582,0.73,0.2059
model-1640209981,1640209992.368,0.89,0.0652,0.7,0.2356
model-1640209981,1640209992.382,0.92,0.0474,0.77,0.1727
model-1640209981,1640209992.396,0.89,0.0895,0.85,0.1443
model-1640209981,1640209992.411,0.9,0.0867,0.74,0.2011
model-1640209981,1640209992.43,0.94,0.0567,0.73,0.2237
model-1640209981,1640209992.444,0.93,0.0582,0.77,0.1734
model-1640209981,1640209992.458,0.96,0.0309,0.72,0.2226
model-1640209981,1640209992.472,0.99,0.0239,0.71,0.2306
model-1640209981,1640209992.485,0.97,0.0362,0.74,0.2107
model-1640209981,1640209992.499,0.94,0.043,0.75,0.1926
model-1640209981,1640209992.513,0.95,0.04,0.65,0.255
model-1640209981,1640209992.527,0.96,0.0368,0.67,0.2195
model-1640209981,1640209992.542,0.95,0.0287,0.76,0.2197
model-1640209981,1640209992.556,0.9,0.0825,0.77,0.1984
model-1640209981,1640209992.57,0.91,0.0772,0.72,0.2232
model-1640209981,1640209992.584,0.92,0.0588,0.76,0.1762
model-1640209981,1640209992.598,0.96,0.0469,0.72,0.1906
model-1640209981,1640209992.612,0.88,0.0908,0.77,0.1939
model-1640209981,1640209992.625,0.93,0.0541,0.75,0.2111
model-1640209981,1640209992.64,0.94,0.0479,0.72,0.2222
model-1640209981,1640209992.654,0.89,0.072,0.68,0.2606
model-1640209981,1640209992.669,0.91,0.0531,0.68,0.2705
model-1640209981,1640209992.682,0.92,0.0547,0.65,0.2936
model-1640209981,1640209992.696,0.95,0.042,0.68,0.2688
model-1640209981,1640209992.71,0.94,0.0509,0.77,0.194
model-1640209981,1640209992.724,0.92,0.0403,0.73,0.2165
model-1640209981,1640209992.738,0.98,0.0255,0.76,0.2022
model-1640209981,1640209992.752,0.95,0.0256,0.72,0.2175
model-1640209981,1640209992.768,0.96,0.0368,0.77,0.1948
model-1640209981,1640209992.781,0.96,0.0351,0.78,0.1804
model-1640209981,1640209992.795,0.95,0.0305,0.74,0.216
model-1640209981,1640209992.809,0.97,0.0312,0.75,0.1916
model-1640209981,1640209992.823,0.96,0.0249,0.73,0.2161
model-1640209981,1640209992.837,0.94,0.0466,0.77,0.1915
model-1640209981,1640209992.851,0.94,0.0541,0.8,0.1742
model-1640209981,1640209992.865,0.94,0.0523,0.76,0.1735
model-1640209981,1640209992.88,0.96,0.0273,0.71,0.2342
model-1640209981,1640209992.894,0.94,0.0474,0.74,0.1894
model-1640209981,1640209992.908,0.95,0.0473,0.83,0.1562
model-1640209981,1640209992.922,0.96,0.0314,0.75,0.1986
model-1640209981,1640209992.936,0.98,0.0147,0.84,0.1287
model-1640209981,1640209992.95,0.91,0.0661,0.77,0.1772
model-1640209981,1640209992.964,0.97,0.0306,0.73,0.2008
model-1640209981,1640209992.978,0.91,0.068,0.74,0.1918
model-1640209981,1640209992.993,0.96,0.0366,0.83,0.1463
model-1640209981,1640209993.007,0.91,0.0639,0.75,0.2119
model-1640209981,1640209993.021,0.94,0.0461,0.79,0.172
model-1640209981,1640209993.038,0.97,0.0372,0.81,0.1613
model-1640209981,1640209993.051,0.95,0.0517,0.81,0.1848
model-1640209981,1640209993.065,0.93,0.0486,0.81,0.1529
model-1640209981,1640209993.08,0.92,0.068,0.81,0.1541
model-1640209981,1640209993.094,0.95,0.0536,0.83,0.1393
model-1640209981,1640209993.108,0.92,0.0684,0.71,0.2335
model-1640209981,1640209993.122,0.94,0.0423,0.77,0.1858
model-1640209981,1640209993.136,0.96,0.0308,0.76,0.1966
model-1640209981,1640209993.15,0.94,0.0451,0.76,0.2031
model-1640209981,1640209993.164,0.9,0.0597,0.75,0.2027
model-1640209981,1640209993.178,0.97,0.0302,0.8,0.1972
model-1640209981,1640209993.192,0.94,0.0577,0.71,0.2518
model-1640209981,1640209993.206,0.97,0.0223,0.7,0.2331
model-1640209981,1640209993.221,0.91,0.0647,0.71,0.2381
model-1640209981,1640209993.234,0.9,0.0678,0.77,0.1836
model-1640209981,1640209993.248,0.91,0.0798,0.76,0.2099
model-1640209981,1640209993.262,0.97,0.0269,0.73,0.2049
model-1640209981,1640209993.276,0.93,0.0269,0.72,0.2071
model-1640209981,1640209993.291,0.95,0.0437,0.73,0.223
model-1640209981,1640209993.304,0.9,0.0878,0.72,0.2343
model-1640209981,1640209993.319,0.86,0.1039,0.69,0.24
model-1640209981,1640209993.334,0.89,0.0764,0.67,0.264
model-1640209981,1640209993.348,0.91,0.0609,0.73,0.2052
model-1640209981,1640209993.361,0.91,0.0799,0.67,0.2777
model-1640209981,1640209993.373,0.91,0.0603,0.76,0.2085
model-1640209981,1640209993.387,0.95,0.0491,0.67,0.2673
model-1640209981,1640209993.4,0.87,0.1005,0.71,0.236
model-1640209981,1640209993.412,0.8,0.1491,0.75,0.2019
model-1640209981,1640209993.425,0.74,0.1967,0.7,0.2392
model-1640209981,1640209993.439,0.81,0.1369,0.68,0.2408
model-1640209981,1640209993.452,0.89,0.0743,0.78,0.1955
model-1640209981,1640209993.466,0.91,0.0484,0.7,0.2293
model-1640209981,1640209993.479,0.95,0.0449,0.71,0.2295
model-1640209981,1640209993.493,0.87,0.1022,0.73,0.2314
model-1640209981,1640209993.505,0.84,0.1245,0.69,0.2507
model-1640209981,1640209993.518,0.82,0.1305,0.68,0.2781
model-1640209981,1640209993.53,0.87,0.0984,0.7,0.2446
model-1640209981,1640209993.545,0.85,0.104,0.72,0.2087
model-1640209981,1640209993.558,0.91,0.0614,0.67,0.2658
model-1640209981,1640209993.571,0.95,0.0472,0.75,0.2235
model-1640209981,1640209993.584,0.89,0.0821,0.67,0.2558
model-1640209981,1640209993.597,0.91,0.0622,0.7,0.2427
model-1640209981,1640209993.609,0.84,0.0915,0.72,0.2346
model-1640209981,1640209993.622,0.84,0.1141,0.67,0.2432
model-1640209981,1640209993.635,0.86,0.0876,0.75,0.1891
model-1640209981,1640209993.649,0.92,0.0645,0.75,0.2029
model-1640209981,1640209993.661,0.96,0.0362,0.77,0.1992
model-1640209981,1640209993.675,0.92,0.0738,0.72,0.2336
model-1640209981,1640209993.688,0.94,0.0469,0.73,0.2206
model-1640209981,1640209993.701,0.95,0.039,0.76,0.1762
model-1640209981,1640209993.713,0.93,0.0544,0.73,0.2098
model-1640209981,1640209993.726,0.9,0.0741,0.77,0.1967
model-1640209981,1640209993.74,0.91,0.0693,0.8,0.1697
model-1640209981,1640209993.753,0.95,0.0404,0.8,0.1533
model-1640209981,1640209993.767,0.95,0.0329,0.79,0.1861
model-1640209981,1640209993.78,0.92,0.0631,0.78,0.1702
model-1640209981,1640209993.793,0.97,0.0339,0.79,0.1687
model-1640209981,1640209993.806,0.92,0.0644,0.73,0.2245
model-1640209981,1640209993.819,0.91,0.0697,0.73,0.2132
model-1640209981,1640209993.832,0.92,0.0675,0.77,0.1715
model-1640209981,1640209993.845,0.89,0.0763,0.7,0.2373
model-1640209981,1640209993.858,0.94,0.0371,0.77,0.1969
model-1640209981,1640209993.871,0.92,0.0606,0.77,0.1995
model-1640209981,1640209993.885,0.91,0.0609,0.73,0.203
model-1640209981,1640209993.898,0.93,0.0512,0.74,0.2264
model-1640209981,1640209993.911,0.92,0.0529,0.71,0.2175
model-1640209981,1640209993.923,0.95,0.0414,0.76,0.1655
model-1640209981,1640209993.937,0.93,0.0621,0.77,0.1745
model-1640209981,1640209993.95,0.92,0.0511,0.8,0.1627
model-1640209981,1640209993.963,0.88,0.0811,0.68,0.2251
model-1640209981,1640209993.976,0.87,0.0912,0.75,0.1737
model-1640209981,1640209993.99,0.97,0.03,0.74,0.2095
model-1640209981,1640209994.003,0.95,0.0468,0.72,0.2481
model-1640209981,1640209994.016,0.92,0.0491,0.77,0.1948
model-1640209981,1640209994.028,0.92,0.0601,0.77,0.1813
model-1640209981,1640209994.041,0.89,0.0711,0.75,0.2068
model-1640209981,1640209994.055,0.88,0.0931,0.74,0.1829
model-1640209981,1640209994.071,0.92,0.068,0.78,0.1765
model-1640209981,1640209994.084,0.93,0.0637,0.76,0.1855
model-1640209981,1640209994.099,0.91,0.0573,0.73,0.2167
model-1640209981,1640209994.112,0.92,0.069,0.78,0.1755
model-1640209981,1640209994.127,0.92,0.0615,0.72,0.189
model-1640209981,1640209994.141,0.89,0.0638,0.79,0.1614
model-1640209981,1640209994.155,0.96,0.0372,0.72,0.2183
model-1640209981,1640209994.167,0.94,0.0486,0.79,0.1823
model-1640209981,1640209994.181,0.91,0.0786,0.75,0.2033
model-1640209981,1640209994.191,0.94,0.0531,0.75,0.2012
model-1640209981,1640209994.207,0.96,0.0364,0.74,0.2074
model-1640209981,1640209994.221,0.94,0.0476,0.74,0.2019
model-1640209981,1640209994.236,0.98,0.0217,0.79,0.1716
model-1640209981,1640209994.25,0.92,0.047,0.75,0.1996
model-1640209981,1640209994.264,0.92,0.0597,0.68,0.2704
model-1640209981,1640209994.278,0.96,0.0495,0.81,0.1623
model-1640209981,1640209994.291,0.94,0.0513,0.79,0.1734
model-1640209981,1640209994.304,0.97,0.0326,0.8,0.1706
model-1640209981,1640209994.317,0.94,0.0548,0.78,0.1633
model-1640209981,1640209994.33,0.93,0.055,0.74,0.2034
model-1640209981,1640209994.344,0.92,0.0629,0.73,0.2102
model-1640209981,1640209994.357,0.91,0.0641,0.71,0.2315
model-1640209981,1640209994.37,0.95,0.0441,0.81,0.171
model-1640209981,1640209994.383,0.8,0.1413,0.78,0.1824
model-1640209981,1640209994.396,0.93,0.062,0.66,0.2775
model-1640209981,1640209994.408,0.96,0.0239,0.79,0.175
model-1640209981,1640209994.422,0.96,0.029,0.7,0.2418
model-1640209981,1640209994.435,0.97,0.0224,0.81,0.158
model-1640209981,1640209994.448,0.98,0.0258,0.73,0.2436
model-1640209981,1640209994.461,0.89,0.072,0.76,0.1975
model-1640209981,1640209994.473,0.96,0.0453,0.76,0.1807
model-1640209981,1640209994.486,0.92,0.0675,0.79,0.179
model-1640209981,1640209994.499,0.92,0.0517,0.76,0.1843
model-1640209981,1640209994.512,0.96,0.0214,0.77,0.1993
model-1640209981,1640209994.525,0.95,0.0451,0.7,0.2358
model-1640209981,1640209994.538,0.94,0.0446,0.73,0.2378
model-1640209981,1640209994.552,0.9,0.0674,0.77,0.1994
model-1640209981,1640209994.566,0.89,0.0774,0.76,0.188
model-1640209981,1640209994.58,0.91,0.074,0.77,0.1924
model-1640209981,1640209994.594,0.9,0.0724,0.69,0.2495
model-1640209981,1640209994.608,0.95,0.0388,0.81,0.1637
model-1640209981,1640209994.622,0.97,0.0297,0.72,0.2334
model-1640209981,1640209994.637,0.91,0.0626,0.7,0.2441
model-1640209981,1640209994.652,0.92,0.0614,0.74,0.208
model-1640209981,1640209994.665,0.89,0.095,0.73,0.2305
model-1640209981,1640209994.68,0.92,0.0469,0.72,0.2281
model-1640209981,1640209994.694,0.92,0.0523,0.74,0.2057
model-1640209981,1640209994.708,0.95,0.0414,0.7,0.233
model-1640209981,1640209994.722,0.97,0.0205,0.78,0.1842
model-1640209981,1640209994.735,0.94,0.0505,0.75,0.2185
model-1640209981,1640209994.751,0.97,0.0341,0.68,0.2513
model-1640209981,1640209994.765,0.92,0.0602,0.75,0.2052
model-1640209981,1640209994.779,0.88,0.0829,0.76,0.1972
model-1640209981,1640209994.793,0.92,0.0618,0.71,0.2157
model-1640209981,1640209994.807,0.94,0.0382,0.73,0.2349
model-1640209981,1640209994.822,0.96,0.0279,0.81,0.1618
model-1640209981,1640209994.836,0.96,0.0287,0.77,0.1774
model-1640209981,1640209994.851,0.94,0.0693,0.72,0.2382
model-1640209981,1640209994.865,0.92,0.0511,0.77,0.1879
model-1640209981,1640209994.88,0.92,0.0567,0.75,0.2012
model-1640209981,1640209994.894,0.88,0.0923,0.7,0.2424
model-1640209981,1640209994.908,0.94,0.0574,0.81,0.1596
model-1640209981,1640209994.922,0.87,0.0893,0.73,0.2167
model-1640209981,1640209994.937,0.96,0.0246,0.77,0.1941
model-1640209981,1640209994.951,0.97,0.033,0.73,0.1943
model-1640209981,1640209994.965,0.95,0.0381,0.77,0.1942
model-1640209981,1640209994.98,0.88,0.0975,0.69,0.2334
model-1640209981,1640209994.994,0.86,0.0893,0.81,0.1732
model-1640209981,1640209995.008,0.91,0.0593,0.7,0.2357
model-1640209981,1640209995.022,0.91,0.0733,0.8,0.1649
model-1640209981,1640209995.037,0.92,0.0687,0.76,0.1983
model-1640209981,1640209995.051,0.93,0.0423,0.76,0.1893
model-1640209981,1640209995.065,0.95,0.0391,0.71,0.2403
model-1640209981,1640209995.08,0.92,0.0696,0.75,0.1946
model-1640209981,1640209995.095,0.96,0.0489,0.75,0.1986
model-1640209981,1640209995.11,0.92,0.0664,0.64,0.2559
model-1640209981,1640209995.124,0.89,0.0996,0.76,0.1817
model-1640209981,1640209995.138,0.98,0.0256,0.77,0.1892
model-1640209981,1640209995.152,0.95,0.0411,0.72,0.2411
model-1640209981,1640209995.167,0.96,0.0353,0.76,0.206
model-1640209981,1640209995.181,0.91,0.0678,0.68,0.2569
model-1640209981,1640209995.195,0.93,0.0465,0.71,0.2277
model-1640209981,1640209995.211,0.98,0.0238,0.81,0.1588
model-1640209981,1640209995.225,0.88,0.1076,0.68,0.256
model-1640209981,1640209995.24,0.95,0.0456,0.75,0.1923
model-1640209981,1640209995.254,0.86,0.1043,0.81,0.1694
model-1640209981,1640209995.268,0.89,0.0818,0.71,0.2508
model-1640209981,1640209995.282,0.95,0.0458,0.72,0.2278
model-1640209981,1640209995.297,0.89,0.0909,0.68,0.2311
model-1640209981,1640209995.311,0.93,0.0729,0.72,0.2018
model-1640209981,1640209995.326,0.95,0.0465,0.7,0.212
model-1640209981,1640209995.341,0.92,0.0674,0.7,0.2311
model-1640209981,1640209995.354,0.94,0.0525,0.72,0.211
model-1640209981,1640209995.368,0.94,0.0416,0.8,0.1737
model-1640209981,1640209995.382,0.98,0.0182,0.78,0.1737
model-1640209981,1640209995.397,0.96,0.0314,0.74,0.2122
model-1640209981,1640209995.411,0.93,0.0547,0.77,0.1776
model-1640209981,1640209995.424,0.94,0.0462,0.78,0.1873
model-1640209981,1640209995.44,0.87,0.1057,0.7,0.2462
model-1640209981,1640209995.454,0.86,0.0871,0.73,0.2146
model-1640209981,1640209995.468,0.86,0.0861,0.68,0.2512
model-1640209981,1640209995.482,0.93,0.0567,0.68,0.2456
model-1640209981,1640209995.496,0.89,0.0835,0.76,0.1981
model-1640209981,1640209995.51,0.9,0.0849,0.8,0.1477
model-1640209981,1640209995.524,0.91,0.0711,0.7,0.2475
model-1640209981,1640209995.538,0.91,0.072,0.73,0.2376
model-1640209981,1640209995.553,0.86,0.1043,0.83,0.1426
model-1640209981,1640209995.567,0.91,0.0599,0.69,0.2313
model-1640209981,1640209995.581,0.96,0.0404,0.7,0.227
model-1640209981,1640209995.595,0.96,0.0357,0.7,0.2426
model-1640209981,1640209995.609,0.97,0.033,0.68,0.2426
model-1640209981,1640209995.622,0.92,0.0701,0.67,0.2592
model-1640209981,1640209995.637,0.92,0.0492,0.72,0.2122
model-1640209981,1640209995.651,0.92,0.0461,0.76,0.1856
model-1640209981,1640209995.665,0.89,0.0836,0.67,0.2575
model-1640209981,1640209995.68,0.93,0.0613,0.77,0.1935
model-1640209981,1640209995.694,0.94,0.0484,0.72,0.2198
model-1640209981,1640209995.708,0.93,0.0659,0.67,0.2791
model-1640209981,1640209995.721,0.92,0.0712,0.79,0.1781
model-1640209981,1640209995.735,0.98,0.0223,0.82,0.1478
model-1640209981,1640209995.749,0.95,0.0396,0.78,0.1906
model-1640209981,1640209995.763,0.88,0.0833,0.76,0.1821
model-1640209981,1640209995.778,0.94,0.0576,0.71,0.2474
model-1640209981,1640209995.792,0.95,0.0454,0.76,0.1746
model-1640209981,1640209995.806,0.94,0.0342,0.72,0.1948
model-1640209981,1640209995.82,0.92,0.0448,0.75,0.2226
model-1640209981,1640209995.834,0.91,0.0577,0.72,0.2322
model-1640209981,1640209995.848,0.97,0.0255,0.82,0.1536
model-1640209981,1640209995.862,0.98,0.0248,0.73,0.2024
model-1640209981,1640209995.876,0.95,0.0494,0.71,0.2302
model-1640209981,1640209995.89,0.95,0.0468,0.75,0.1916
model-1640209981,1640209995.904,0.95,0.0418,0.73,0.2244
model-1640209981,1640209995.918,0.97,0.0293,0.72,0.2044
model-1640209981,1640209995.932,0.95,0.0329,0.8,0.1501
model-1640209981,1640209995.946,0.95,0.0507,0.7,0.2316
model-1640209981,1640209995.958,0.91,0.0671,0.76,0.211
model-1640209981,1640209995.971,0.91,0.0557,0.73,0.205
model-1640209981,1640209995.983,0.98,0.0279,0.77,0.1778
model-1640209981,1640209995.997,0.95,0.0515,0.73,0.2228
model-1640209981,1640209996.011,0.94,0.0451,0.73,0.2254
model-1640209981,1640209996.024,0.96,0.038,0.8,0.1736
model-1640209981,1640209996.038,0.97,0.0241,0.73,0.2029
model-1640209981,1640209996.051,0.93,0.064,0.72,0.2208
model-1640209981,1640209996.064,0.9,0.0611,0.8,0.169
model-1640209981,1640209996.077,0.96,0.0381,0.73,0.2172
model-1640209981,1640209996.09,0.96,0.0363,0.73,0.2077
model-1640209981,1640209996.106,0.95,0.0552,0.67,0.2617
model-1640209981,1640209996.121,0.96,0.0434,0.72,0.2031
model-1640209981,1640209996.135,0.97,0.0259,0.75,0.2146
model-1640209981,1640209996.15,0.94,0.0492,0.75,0.1904
model-1640209981,1640209996.163,0.93,0.0382,0.79,0.1634
model-1640209981,1640209996.178,0.89,0.0664,0.77,0.1775
model-1640209981,1640209996.191,0.93,0.0722,0.7,0.2414
model-1640209981,1640209996.205,0.95,0.0487,0.71,0.2347
model-1640209981,1640209996.22,0.96,0.0352,0.73,0.2102
model-1640209981,1640209996.235,0.9,0.0464,0.78,0.1791
model-1640209981,1640209996.248,0.94,0.0452,0.74,0.2098
model-1640209981,1640209996.261,0.93,0.0449,0.78,0.1924
model-1640209981,1640209996.273,0.92,0.0482,0.81,0.1862
model-1640209981,1640209996.286,0.93,0.0562,0.78,0.1864
model-1640209981,1640209996.299,0.95,0.0295,0.77,0.1844
model-1640209981,1640209996.312,0.97,0.0247,0.77,0.203
model-1640209981,1640209996.325,0.97,0.0265,0.79,0.1803
model-1640209981,1640209996.338,0.92,0.0554,0.78,0.1592
model-1640209981,1640209996.352,0.98,0.0164,0.75,0.1981
model-1640209981,1640209996.365,0.96,0.0252,0.77,0.2021
model-1640209981,1640209996.377,0.93,0.0554,0.7,0.2347
model-1640209981,1640209996.391,0.92,0.0571,0.8,0.1934
model-1640209981,1640209996.404,0.95,0.0426,0.72,0.2392
model-1640209981,1640209996.417,0.95,0.0424,0.76,0.1823
model-1640209981,1640209996.431,0.93,0.0634,0.8,0.1754
model-1640209981,1640209996.445,0.89,0.0728,0.77,0.2065
model-1640209981,1640209996.459,0.89,0.096,0.73,0.2173
model-1640209981,1640209996.471,0.94,0.0463,0.81,0.1718
model-1640209981,1640209996.484,0.93,0.058,0.7,0.276
model-1640209981,1640209996.497,0.9,0.0793,0.76,0.1943
model-1640209981,1640209996.509,0.81,0.1223,0.75,0.2157
model-1640209981,1640209996.522,0.82,0.1173,0.78,0.1799
model-1640209981,1640209996.536,0.9,0.0865,0.72,0.2283
model-1640209981,1640209996.55,0.91,0.0518,0.66,0.2713
model-1640209981,1640209996.563,0.92,0.059,0.75,0.2093
model-1640209981,1640209996.576,0.94,0.0617,0.68,0.2724
model-1640209981,1640209996.589,0.95,0.0518,0.69,0.2469
model-1640209981,1640209996.603,0.92,0.0728,0.62,0.3186
model-1640209981,1640209996.617,0.9,0.0777,0.68,0.2818
model-1640209981,1640209996.631,0.91,0.0824,0.71,0.2262
model-1640209981,1640209996.645,0.91,0.0702,0.73,0.216
model-1640209981,1640209996.665,0.9,0.071,0.66,0.2812
model-1640209981,1640209996.679,0.93,0.0638,0.72,0.2254
model-1640209981,1640209996.693,0.97,0.0345,0.77,0.1849
model-1640209981,1640209996.707,0.98,0.0266,0.67,0.2698
model-1640209981,1640209996.721,0.89,0.083,0.71,0.2446
model-1640209981,1640209996.735,0.91,0.062,0.68,0.228
model-1640209981,1640209996.749,0.89,0.0888,0.76,0.2011
model-1640209981,1640209996.764,0.94,0.05,0.7,0.224
model-1640209981,1640209996.778,0.89,0.082,0.74,0.2118
model-1640209981,1640209996.792,0.91,0.0705,0.72,0.2197
model-1640209981,1640209996.805,0.89,0.0812,0.78,0.1803
model-1640209981,1640209996.82,0.95,0.0414,0.76,0.2166
model-1640209981,1640209996.834,0.9,0.069,0.75,0.2157
model-1640209981,1640209996.848,0.95,0.0445,0.76,0.171
model-1640209981,1640209996.862,0.9,0.0753,0.75,0.1932
model-1640209981,1640209996.877,0.98,0.0183,0.73,0.2098
model-1640209981,1640209996.891,0.93,0.0552,0.74,0.203
model-1640209981,1640209996.906,0.94,0.0343,0.76,0.1988
model-1640209981,1640209996.92,0.91,0.0656,0.68,0.2421
model-1640209981,1640209996.934,0.96,0.0406,0.75,0.2015
model-1640209981,1640209996.949,0.92,0.0779,0.74,0.2245
model-1640209981,1640209996.963,0.95,0.0342,0.73,0.1975
model-1640209981,1640209996.977,0.94,0.045,0.78,0.1786
model-1640209981,1640209996.992,0.91,0.0582,0.73,0.2142
model-1640209981,1640209997.006,0.92,0.0648,0.71,0.2221
model-1640209981,1640209997.02,0.93,0.0458,0.71,0.2486
model-1640209981,1640209997.034,0.96,0.0437,0.71,0.231
model-1640209981,1640209997.048,0.94,0.049,0.81,0.1755
model-1640209981,1640209997.062,0.94,0.0603,0.81,0.177
model-1640209981,1640209997.076,0.94,0.0415,0.77,0.1836
model-1640209981,1640209997.09,0.92,0.053,0.76,0.1908
model-1640209981,1640209997.104,0.93,0.0612,0.79,0.1712
model-1640209981,1640209997.118,0.95,0.0508,0.76,0.1937
model-1640209981,1640209997.131,0.94,0.0419,0.73,0.218
model-1640209981,1640209997.145,0.95,0.0436,0.78,0.1569
model-1640209981,1640209997.159,0.92,0.0587,0.8,0.178
model-1640209981,1640209997.173,0.93,0.0556,0.69,0.2576
model-1640209981,1640209997.187,0.92,0.0675,0.69,0.2338
model-1640209981,1640209997.201,0.91,0.0517,0.71,0.2431
model-1640209981,1640209997.217,0.91,0.0732,0.68,0.249
model-1640209981,1640209997.231,0.92,0.0667,0.74,0.2148
model-1640209981,1640209997.245,0.93,0.0552,0.69,0.267
model-1640209981,1640209997.259,0.97,0.0414,0.75,0.2118
model-1640209981,1640209997.273,0.96,0.0384,0.72,0.2272
model-1640209981,1640209997.288,0.96,0.0243,0.69,0.2286
model-1640209981,1640209997.301,0.91,0.0685,0.75,0.1802
model-1640209981,1640209997.315,0.89,0.0784,0.71,0.2198
model-1640209981,1640209997.327,0.94,0.0501,0.73,0.2357
